<?xml version="1.0" encoding="UTF-8"?>
<testng-results skipped="0" failed="0" ignored="0" total="1" passed="1">
  <reporter-output>
  </reporter-output>
  <suite name="Default suite" duration-ms="8268" started-at="2017-09-05T20:07:06Z" finished-at="2017-09-05T20:07:14Z">
    <groups>
    </groups>
    <test name="Default test" duration-ms="8268" started-at="2017-09-05T20:07:06Z" finished-at="2017-09-05T20:07:14Z">
      <class name="textBoxHandle.ClearText">
        <test-method status="PASS" signature="mm()[pri:0, instance:textBoxHandle.ClearText@36d4b5c]" name="mm" duration-ms="8238" started-at="2017-09-06T01:37:06Z" finished-at="2017-09-06T01:37:14Z">
          <reporter-output>
          </reporter-output>
        </test-method> <!-- mm -->
      </class> <!-- textBoxHandle.ClearText -->
    </test> <!-- Default test -->
  </suite> <!-- Default suite -->
</testng-results>
