<?xml version="1.0" encoding="UTF-8"?>
<testng-results skipped="0" failed="0" ignored="0" total="1" passed="1">
  <reporter-output>
    <line>
      <![CDATA[Successful]]>
    </line>
    <line>
      <![CDATA[PASSED]]>
    </line>
  </reporter-output>
  <suite name="Default suite" duration-ms="56" started-at="2017-08-27T07:53:53Z" finished-at="2017-08-27T07:53:53Z">
    <groups>
    </groups>
    <test name="Default test" duration-ms="56" started-at="2017-08-27T07:53:53Z" finished-at="2017-08-27T07:53:53Z">
      <class name="testNGConcepts.CallingMyListener">
        <test-method status="PASS" signature="TestA()[pri:0, instance:testNGConcepts.CallingMyListener@3a82f6ef]" name="TestA" duration-ms="20" started-at="2017-08-27T13:23:53Z" finished-at="2017-08-27T13:23:53Z">
          <reporter-output>
            <line>
              <![CDATA[Successful]]>
            </line>
            <line>
              <![CDATA[PASSED]]>
            </line>
          </reporter-output>
        </test-method> <!-- TestA -->
      </class> <!-- testNGConcepts.CallingMyListener -->
    </test> <!-- Default test -->
  </suite> <!-- Default suite -->
</testng-results>
